[debug] [2023-09-12T11:22:38.981Z] ----------------------------------------------------------------------
[debug] [2023-09-12T11:22:38.987Z] Command:       C:\Program Files\nodejs\node.exe C:\Program Files\nodejs\node_modules\firebase-tools\lib\bin\firebase.js deploy
[debug] [2023-09-12T11:22:38.988Z] CLI Version:   11.5.0
[debug] [2023-09-12T11:22:38.989Z] Platform:      win32
[debug] [2023-09-12T11:22:38.989Z] Node Version:  v16.13.0
[debug] [2023-09-12T11:22:39.000Z] Time:          Tue Sep 12 2023 13:22:38 GMT+0200 (hora de verano de Europa central)
[debug] [2023-09-12T11:22:39.001Z] ----------------------------------------------------------------------
[debug] 
[debug] [2023-09-12T11:22:39.026Z] >>> [apiv2][query] GET https://firebase-public.firebaseio.com/cli.json [none]
[debug] [2023-09-12T11:22:39.226Z] > command requires scopes: ["email","openid","https://www.googleapis.com/auth/cloudplatformprojects.readonly","https://www.googleapis.com/auth/firebase","https://www.googleapis.com/auth/cloud-platform"]
[debug] [2023-09-12T11:22:39.227Z] > authorizing via signed-in user (diegopaginidev@gmail.com)
[debug] [2023-09-12T11:22:39.228Z] [iam] checking project diplomas-79a7c for permissions ["firebase.projects.get","firebasehosting.sites.update"]
[debug] [2023-09-12T11:22:39.231Z] > refreshing access token with scopes: []
[debug] [2023-09-12T11:22:39.233Z] >>> [apiv2][query] POST https://www.googleapis.com/oauth2/v3/token [none]
[debug] [2023-09-12T11:22:39.233Z] >>> [apiv2][body] POST https://www.googleapis.com/oauth2/v3/token [omitted]
[debug] [2023-09-12T11:22:39.396Z] <<< [apiv2][status] POST https://www.googleapis.com/oauth2/v3/token 400
[debug] [2023-09-12T11:22:39.396Z] <<< [apiv2][body] POST https://www.googleapis.com/oauth2/v3/token [omitted]
[debug] [2023-09-12T11:22:39.397Z] >>> [apiv2][query] POST https://cloudresourcemanager.googleapis.com/v1/projects/diplomas-79a7c:testIamPermissions [none]
[debug] [2023-09-12T11:22:39.397Z] >>> [apiv2][(partial)header] POST https://cloudresourcemanager.googleapis.com/v1/projects/diplomas-79a7c:testIamPermissions x-goog-quota-user=projects/diplomas-79a7c
[debug] [2023-09-12T11:22:39.398Z] >>> [apiv2][body] POST https://cloudresourcemanager.googleapis.com/v1/projects/diplomas-79a7c:testIamPermissions {"permissions":["firebase.projects.get","firebasehosting.sites.update"]}
[debug] [2023-09-12T11:22:39.529Z] <<< [apiv2][status] GET https://firebase-public.firebaseio.com/cli.json 200
[debug] [2023-09-12T11:22:39.529Z] <<< [apiv2][body] GET https://firebase-public.firebaseio.com/cli.json {"cloudBuildErrorAfter":1594252800000,"cloudBuildWarnAfter":1590019200000,"defaultNode10After":1594252800000,"minVersion":"3.0.5","node8DeploysDisabledAfter":1613390400000,"node8RuntimeDisabledAfter":1615809600000,"node8WarnAfter":1600128000000}
[debug] [2023-09-12T11:22:40.084Z] <<< [apiv2][status] POST https://cloudresourcemanager.googleapis.com/v1/projects/diplomas-79a7c:testIamPermissions 401
[debug] [2023-09-12T11:22:40.084Z] <<< [apiv2][body] POST https://cloudresourcemanager.googleapis.com/v1/projects/diplomas-79a7c:testIamPermissions {"error":{"code":401,"message":"Request had invalid authentication credentials. Expected OAuth 2 access token, login cookie or other valid authentication credential. See https://developers.google.com/identity/sign-in/web/devconsole-project.","status":"UNAUTHENTICATED","details":[{"@type":"type.googleapis.com/google.rpc.ErrorInfo","reason":"ACCESS_TOKEN_TYPE_UNSUPPORTED","metadata":{"method":"google.cloudresourcemanager.v1.Projects.TestIamPermissions","service":"cloudresourcemanager.googleapis.com"}}]}}
[debug] [2023-09-12T11:22:40.086Z] [iam] error while checking permissions, command may fail: FirebaseError: HTTP Error: 401, Request had invalid authentication credentials. Expected OAuth 2 access token, login cookie or other valid authentication credential. See https://developers.google.com/identity/sign-in/web/devconsole-project.
[debug] [2023-09-12T11:22:40.086Z] > refreshing access token with scopes: []
[debug] [2023-09-12T11:22:40.087Z] >>> [apiv2][query] POST https://www.googleapis.com/oauth2/v3/token [none]
[debug] [2023-09-12T11:22:40.087Z] >>> [apiv2][body] POST https://www.googleapis.com/oauth2/v3/token [omitted]
[debug] [2023-09-12T11:22:40.220Z] <<< [apiv2][status] POST https://www.googleapis.com/oauth2/v3/token 400
[debug] [2023-09-12T11:22:40.221Z] <<< [apiv2][body] POST https://www.googleapis.com/oauth2/v3/token [omitted]
[debug] [2023-09-12T11:22:40.222Z] >>> [apiv2][query] GET https://firebase.googleapis.com/v1beta1/projects/diplomas-79a7c [none]
[debug] [2023-09-12T11:22:40.428Z] <<< [apiv2][status] GET https://firebase.googleapis.com/v1beta1/projects/diplomas-79a7c 401
[debug] [2023-09-12T11:22:40.429Z] <<< [apiv2][body] GET https://firebase.googleapis.com/v1beta1/projects/diplomas-79a7c {"error":{"code":401,"message":"Request had invalid authentication credentials. Expected OAuth 2 access token, login cookie or other valid authentication credential. See https://developers.google.com/identity/sign-in/web/devconsole-project.","status":"UNAUTHENTICATED"}}
[debug] [2023-09-12T11:22:40.429Z] HTTP Error: 401, Request had invalid authentication credentials. Expected OAuth 2 access token, login cookie or other valid authentication credential. See https://developers.google.com/identity/sign-in/web/devconsole-project.
[debug] [2023-09-12T11:22:40.568Z] FirebaseError: HTTP Error: 401, Request had invalid authentication credentials. Expected OAuth 2 access token, login cookie or other valid authentication credential. See https://developers.google.com/identity/sign-in/web/devconsole-project.
    at responseToError (C:\Users\diego\AppData\Roaming\nvm\v16.13.0\node_modules\firebase-tools\lib\responseToError.js:49:12)
    at RetryOperation._fn (C:\Users\diego\AppData\Roaming\nvm\v16.13.0\node_modules\firebase-tools\lib\apiv2.js:288:77)
    at processTicksAndRejections (node:internal/process/task_queues:96:5)
[error] 
[error] Error: Failed to get Firebase project diplomas-79a7c. Please make sure the project exists and your account has permission to access it.
[debug] [2023-09-12T11:23:32.808Z] ----------------------------------------------------------------------
[debug] [2023-09-12T11:23:32.811Z] Command:       C:\Program Files\nodejs\node.exe C:\Program Files\nodejs\node_modules\firebase-tools\lib\bin\firebase.js deploy
[debug] [2023-09-12T11:23:32.812Z] CLI Version:   11.5.0
[debug] [2023-09-12T11:23:32.813Z] Platform:      win32
[debug] [2023-09-12T11:23:32.813Z] Node Version:  v16.13.0
[debug] [2023-09-12T11:23:32.815Z] Time:          Tue Sep 12 2023 13:23:32 GMT+0200 (hora de verano de Europa central)
[debug] [2023-09-12T11:23:32.815Z] ----------------------------------------------------------------------
[debug] 
[debug] [2023-09-12T11:23:32.945Z] > command requires scopes: ["email","openid","https://www.googleapis.com/auth/cloudplatformprojects.readonly","https://www.googleapis.com/auth/firebase","https://www.googleapis.com/auth/cloud-platform"]
[debug] [2023-09-12T11:23:32.947Z] > authorizing via signed-in user (diegopaginidev@gmail.com)
[debug] [2023-09-12T11:23:32.947Z] [iam] checking project diplomas-79a7c for permissions ["firebase.projects.get","firebasehosting.sites.update"]
[debug] [2023-09-12T11:23:32.950Z] > refreshing access token with scopes: []
[debug] [2023-09-12T11:23:32.955Z] >>> [apiv2][query] POST https://www.googleapis.com/oauth2/v3/token [none]
[debug] [2023-09-12T11:23:32.956Z] >>> [apiv2][body] POST https://www.googleapis.com/oauth2/v3/token [omitted]
[debug] [2023-09-12T11:23:33.146Z] <<< [apiv2][status] POST https://www.googleapis.com/oauth2/v3/token 400
[debug] [2023-09-12T11:23:33.147Z] <<< [apiv2][body] POST https://www.googleapis.com/oauth2/v3/token [omitted]
[debug] [2023-09-12T11:23:33.147Z] >>> [apiv2][query] POST https://cloudresourcemanager.googleapis.com/v1/projects/diplomas-79a7c:testIamPermissions [none]
[debug] [2023-09-12T11:23:33.147Z] >>> [apiv2][(partial)header] POST https://cloudresourcemanager.googleapis.com/v1/projects/diplomas-79a7c:testIamPermissions x-goog-quota-user=projects/diplomas-79a7c
[debug] [2023-09-12T11:23:33.148Z] >>> [apiv2][body] POST https://cloudresourcemanager.googleapis.com/v1/projects/diplomas-79a7c:testIamPermissions {"permissions":["firebase.projects.get","firebasehosting.sites.update"]}
[debug] [2023-09-12T11:23:33.816Z] <<< [apiv2][status] POST https://cloudresourcemanager.googleapis.com/v1/projects/diplomas-79a7c:testIamPermissions 401
[debug] [2023-09-12T11:23:33.816Z] <<< [apiv2][body] POST https://cloudresourcemanager.googleapis.com/v1/projects/diplomas-79a7c:testIamPermissions {"error":{"code":401,"message":"Request had invalid authentication credentials. Expected OAuth 2 access token, login cookie or other valid authentication credential. See https://developers.google.com/identity/sign-in/web/devconsole-project.","status":"UNAUTHENTICATED","details":[{"@type":"type.googleapis.com/google.rpc.ErrorInfo","reason":"ACCESS_TOKEN_TYPE_UNSUPPORTED","metadata":{"method":"google.cloudresourcemanager.v1.Projects.TestIamPermissions","service":"cloudresourcemanager.googleapis.com"}}]}}
[debug] [2023-09-12T11:23:33.819Z] [iam] error while checking permissions, command may fail: FirebaseError: HTTP Error: 401, Request had invalid authentication credentials. Expected OAuth 2 access token, login cookie or other valid authentication credential. See https://developers.google.com/identity/sign-in/web/devconsole-project.
[debug] [2023-09-12T11:23:33.820Z] > refreshing access token with scopes: []
[debug] [2023-09-12T11:23:33.821Z] >>> [apiv2][query] POST https://www.googleapis.com/oauth2/v3/token [none]
[debug] [2023-09-12T11:23:33.822Z] >>> [apiv2][body] POST https://www.googleapis.com/oauth2/v3/token [omitted]
[debug] [2023-09-12T11:23:33.954Z] <<< [apiv2][status] POST https://www.googleapis.com/oauth2/v3/token 400
[debug] [2023-09-12T11:23:33.954Z] <<< [apiv2][body] POST https://www.googleapis.com/oauth2/v3/token [omitted]
[debug] [2023-09-12T11:23:33.956Z] >>> [apiv2][query] GET https://firebase.googleapis.com/v1beta1/projects/diplomas-79a7c [none]
[debug] [2023-09-12T11:23:34.086Z] <<< [apiv2][status] GET https://firebase.googleapis.com/v1beta1/projects/diplomas-79a7c 401
[debug] [2023-09-12T11:23:34.086Z] <<< [apiv2][body] GET https://firebase.googleapis.com/v1beta1/projects/diplomas-79a7c {"error":{"code":401,"message":"Request had invalid authentication credentials. Expected OAuth 2 access token, login cookie or other valid authentication credential. See https://developers.google.com/identity/sign-in/web/devconsole-project.","status":"UNAUTHENTICATED"}}
[debug] [2023-09-12T11:23:34.087Z] HTTP Error: 401, Request had invalid authentication credentials. Expected OAuth 2 access token, login cookie or other valid authentication credential. See https://developers.google.com/identity/sign-in/web/devconsole-project.
[debug] [2023-09-12T11:23:34.218Z] FirebaseError: HTTP Error: 401, Request had invalid authentication credentials. Expected OAuth 2 access token, login cookie or other valid authentication credential. See https://developers.google.com/identity/sign-in/web/devconsole-project.
    at responseToError (C:\Users\diego\AppData\Roaming\nvm\v16.13.0\node_modules\firebase-tools\lib\responseToError.js:49:12)
    at RetryOperation._fn (C:\Users\diego\AppData\Roaming\nvm\v16.13.0\node_modules\firebase-tools\lib\apiv2.js:288:77)
    at processTicksAndRejections (node:internal/process/task_queues:96:5)
[error] 
[error] Error: Failed to get Firebase project diplomas-79a7c. Please make sure the project exists and your account has permission to access it.
